<?xml version="1.0" encoding="UTF-8"?>
<testsuite name="TestSuite" time="108.951" tests="15" errors="0" skipped="0" failures="0">
  <properties>
    <property name="jansi.mode" value="force"/>
    <property name="java.runtime.name" value="OpenJDK Runtime Environment"/>
    <property name="java.vm.version" value="17.0.2+8-LTS"/>
    <property name="sun.boot.library.path" value="C:\Program Files\Zulu\zulu-17\bin"/>
    <property name="maven.multiModuleProjectDirectory" value="C:\Users\2303965\eclipse-workspace\Hackathon_Project"/>
    <property name="java.vm.vendor" value="Azul Systems, Inc."/>
    <property name="java.vendor.url" value="http://www.azul.com/"/>
    <property name="guice.disable.misplaced.annotation.check" value="true"/>
    <property name="path.separator" value=";"/>
    <property name="java.vm.name" value="OpenJDK 64-Bit Server VM"/>
    <property name="sun.os.patch.level" value=""/>
    <property name="user.script" value=""/>
    <property name="user.country" value="IN"/>
    <property name="sun.java.launcher" value="SUN_STANDARD"/>
    <property name="java.vm.specification.name" value="Java Virtual Machine Specification"/>
    <property name="user.dir" value="C:\Users\2303965\eclipse-workspace\Hackathon_Project"/>
    <property name="java.vm.compressedOopsMode" value="Zero based"/>
    <property name="java.runtime.version" value="17.0.2+8-LTS"/>
    <property name="os.arch" value="amd64"/>
    <property name="java.io.tmpdir" value="C:\Users\2303965\AppData\Local\Temp\2\"/>
    <property name="line.separator" value="&#10;"/>
    <property name="java.vm.specification.vendor" value="Oracle Corporation"/>
    <property name="user.variant" value=""/>
    <property name="stderr.encoding" value="UTF-8"/>
    <property name="os.name" value="Windows 11"/>
    <property name="classworlds.conf" value="C:\Users\2303965\eclipse-workspace\.metadata\.plugins\org.eclipse.m2e.launching\launches\m2conf2099527818771735945.tmp"/>
    <property name="sun.jnu.encoding" value="Cp1252"/>
    <property name="stdout.encoding" value="UTF-8"/>
    <property name="java.library.path" value="C:\Program Files\Zulu\zulu-17\bin;C:\Windows\Sun\Java\bin;C:\Windows\system32;C:\Windows;C:/Program Files/Zulu/zulu-17/bin/server;C:/Program Files/Zulu/zulu-17/bin;C:\Program Files\Zulu\zulu-17\bin\;C:\Windows\system32;C:\Windows;C:\Windows\System32\Wbem;C:\Windows\System32\WindowsPowerShell\v1.0\;C:\Windows\System32\OpenSSH\;C:\Program Files\Git\cmd;C:\Users\2303965\AppData\Local\Microsoft\WindowsApps;;C:\Users\2303965\Desktop;;."/>
    <property name="jdk.debug" value="release"/>
    <property name="java.class.version" value="61.0"/>
    <property name="java.specification.name" value="Java Platform API Specification"/>
    <property name="sun.management.compiler" value="HotSpot 64-Bit Tiered Compilers"/>
    <property name="os.version" value="10.0"/>
    <property name="user.home" value="C:\Users\2303965"/>
    <property name="user.timezone" value="Asia/Calcutta"/>
    <property name="file.encoding" value="UTF-8"/>
    <property name="java.specification.version" value="17"/>
    <property name="user.name" value="2303965"/>
    <property name="java.class.path" value="C:\Users\2303965\.p2\pool\plugins\org.eclipse.m2e.maven.runtime_3.9.500.20231113-2345\jars\plexus-classworlds-2.7.0.jar"/>
    <property name="java.vm.specification.version" value="17"/>
    <property name="sun.arch.data.model" value="64"/>
    <property name="sun.java.command" value="org.codehaus.plexus.classworlds.launcher.Launcher -B -Dstyle.color=always test"/>
    <property name="java.home" value="C:\Program Files\Zulu\zulu-17"/>
    <property name="user.language" value="en"/>
    <property name="java.specification.vendor" value="Oracle Corporation"/>
    <property name="java.vm.info" value="mixed mode, sharing"/>
    <property name="java.version" value="17.0.2"/>
    <property name="native.encoding" value="Cp1252"/>
    <property name="java.vendor" value="Azul Systems, Inc."/>
    <property name="maven.home" value="C:\Users\2303965\eclipse-workspace\Hackathon_Project\EMBEDDED"/>
    <property name="style.color" value="always"/>
    <property name="file.separator" value="\"/>
    <property name="java.version.date" value="2022-01-18"/>
    <property name="java.vendor.url.bug" value="http://www.azul.com/support/"/>
    <property name="sun.io.unicode.encoding" value="UnicodeLittle"/>
    <property name="sun.cpu.endian" value="little"/>
    <property name="java.vendor.version" value="Zulu17.32+13-CA"/>
    <property name="m2e.build.project.data.socket.port" value="55456"/>
    <property name="sun.cpu.isalist" value="amd64"/>
  </properties>
  <testcase name="testLogo" classname="testng_hackathon.LoanCalculator" time="0.179"/>
  <testcase name="Car_Loan" classname="testng_hackathon.LoanCalculator" time="8.394"/>
  <testcase name="EMI_Calculation" classname="testng_hackathon.LoanCalculator" time="0.051"/>
  <testcase name="Home_Loan" classname="testng_hackathon.LoanCalculator" time="1.464"/>
  <testcase name="HomeLoan_Data" classname="testng_hackathon.LoanCalculator" time="6.002"/>
  <testcase name="HomeLoan_Write" classname="testng_hackathon.LoanCalculator" time="16.453"/>
  <testcase name="Test1" classname="testng_hackathon.LoanCalculator" time="21.409"/>
  <testcase name="Test12" classname="testng_hackathon.LoanCalculator" time="4.907"/>
  <testcase name="Test2" classname="testng_hackathon.LoanCalculator" time="21.936"/>
  <testcase name="Test3" classname="testng_hackathon.LoanCalculator" time="24.961"/>
  <testcase name="car_Loan" classname="testng_hackathon.SmokeTest" time="0.16"/>
  <testcase name="home_Loan" classname="testng_hackathon.SmokeTest" time="1.533"/>
  <testcase name="Loan_cal1" classname="testng_hackathon.SmokeTest" time="1.176"/>
  <testcase name="Loan_cal2" classname="testng_hackathon.SmokeTest" time="0.119"/>
  <testcase name="Loan_cal3" classname="testng_hackathon.SmokeTest" time="0.207"/>
</testsuite>