<?xml version="1.0" encoding="UTF-8"?>
<!-- Generated by org.testng.reporters.JUnitReportReporter -->
<testsuite hostname="LTIN269727" failures="0" tests="20" name="testng_hackathon.LoanCalculator" time="241.620" errors="0" timestamp="2024-03-06T10:43:20 IST" skipped="0">
  <testcase classname="testng_hackathon.LoanCalculator" name="testLogo" time="0.135"/>
  <system-out/>
  <testcase classname="testng_hackathon.LoanCalculator" name="testLogo" time="16.011"/>
  <system-out/>
  <testcase classname="testng_hackathon.LoanCalculator" name="Car_Loan" time="9.070"/>
  <system-out/>
  <testcase classname="testng_hackathon.LoanCalculator" name="Car_Loan" time="9.411"/>
  <system-out/>
  <testcase classname="testng_hackathon.LoanCalculator" name="EMI_Calculation" time="0.084"/>
  <system-out/>
  <testcase classname="testng_hackathon.LoanCalculator" name="EMI_Calculation" time="0.082"/>
  <system-out/>
  <testcase classname="testng_hackathon.LoanCalculator" name="Home_Loan" time="1.615"/>
  <system-out/>
  <testcase classname="testng_hackathon.LoanCalculator" name="Home_Loan" time="2.508"/>
  <system-out/>
  <testcase classname="testng_hackathon.LoanCalculator" name="HomeLoan_Data" time="6.071"/>
  <system-out/>
  <testcase classname="testng_hackathon.LoanCalculator" name="HomeLoan_Data" time="6.113"/>
  <system-out/>
  <testcase classname="testng_hackathon.LoanCalculator" name="HomeLoan_Write" time="16.955"/>
  <system-out/>
  <testcase classname="testng_hackathon.LoanCalculator" name="HomeLoan_Write" time="16.820"/>
  <system-out/>
  <testcase classname="testng_hackathon.LoanCalculator" name="Test1" time="23.124"/>
  <system-out/>
  <testcase classname="testng_hackathon.LoanCalculator" name="Test1" time="21.622"/>
  <system-out/>
  <testcase classname="testng_hackathon.LoanCalculator" name="Test2" time="24.600"/>
  <system-out/>
  <testcase classname="testng_hackathon.LoanCalculator" name="Test12" time="5.335"/>
  <system-out/>
  <testcase classname="testng_hackathon.LoanCalculator" name="Test12" time="5.623"/>
  <system-out/>
  <testcase classname="testng_hackathon.LoanCalculator" name="Test2" time="23.384"/>
  <system-out/>
  <testcase classname="testng_hackathon.LoanCalculator" name="Test3" time="27.000"/>
  <system-out/>
  <testcase classname="testng_hackathon.LoanCalculator" name="Test3" time="26.057"/>
  <system-out/>
</testsuite> <!-- testng_hackathon.LoanCalculator -->
