<?xml version="1.0" encoding="UTF-8"?>
<!-- Generated by org.testng.reporters.JUnitReportReporter -->
<testsuite hostname="LTIN269727" failures="0" tests="10" name="testng_hackathon.LoanCalculator" time="108.660" errors="0" timestamp="2024-02-29T09:26:53 IST" skipped="0">
  <testcase classname="testng_hackathon.LoanCalculator" name="testLogo" time="0.265"/>
  <system-out/>
  <testcase classname="testng_hackathon.LoanCalculator" name="Car_Loan" time="8.996"/>
  <system-out/>
  <testcase classname="testng_hackathon.LoanCalculator" name="EMI_Calculation" time="0.059"/>
  <system-out/>
  <testcase classname="testng_hackathon.LoanCalculator" name="Home_Loan" time="2.840"/>
  <system-out/>
  <testcase classname="testng_hackathon.LoanCalculator" name="HomeLoan_Data" time="5.995"/>
  <system-out/>
  <testcase classname="testng_hackathon.LoanCalculator" name="HomeLoan_Write" time="15.563"/>
  <system-out/>
  <testcase classname="testng_hackathon.LoanCalculator" name="Test1" time="21.295"/>
  <system-out/>
  <testcase classname="testng_hackathon.LoanCalculator" name="Test12" time="5.129"/>
  <system-out/>
  <testcase classname="testng_hackathon.LoanCalculator" name="Test2" time="22.864"/>
  <system-out/>
  <testcase classname="testng_hackathon.LoanCalculator" name="Test3" time="25.654"/>
  <system-out/>
</testsuite> <!-- testng_hackathon.LoanCalculator -->
