<?xml version="1.0" encoding="UTF-8"?>
<!-- Generated by org.testng.reporters.JUnitReportReporter -->
<testsuite hostname="LTIN269727" failures="0" tests="20" name="testng_hackathon.LoanCalculator" time="199.686" errors="0" timestamp="2024-03-05T15:23:32 IST" skipped="0">
  <testcase classname="testng_hackathon.LoanCalculator" name="testLogo" time="0.131"/>
  <system-out/>
  <testcase classname="testng_hackathon.LoanCalculator" name="testLogo" time="3.856"/>
  <system-out/>
  <testcase classname="testng_hackathon.LoanCalculator" name="Car_Loan" time="7.688"/>
  <system-out/>
  <testcase classname="testng_hackathon.LoanCalculator" name="Car_Loan" time="6.466"/>
  <system-out/>
  <testcase classname="testng_hackathon.LoanCalculator" name="EMI_Calculation" time="0.050"/>
  <system-out/>
  <testcase classname="testng_hackathon.LoanCalculator" name="EMI_Calculation" time="0.048"/>
  <system-out/>
  <testcase classname="testng_hackathon.LoanCalculator" name="Home_Loan" time="1.466"/>
  <system-out/>
  <testcase classname="testng_hackathon.LoanCalculator" name="Home_Loan" time="1.469"/>
  <system-out/>
  <testcase classname="testng_hackathon.LoanCalculator" name="HomeLoan_Data" time="4.087"/>
  <system-out/>
  <testcase classname="testng_hackathon.LoanCalculator" name="HomeLoan_Data" time="3.841"/>
  <system-out/>
  <testcase classname="testng_hackathon.LoanCalculator" name="HomeLoan_Write" time="13.504"/>
  <system-out/>
  <testcase classname="testng_hackathon.LoanCalculator" name="HomeLoan_Write" time="12.556"/>
  <system-out/>
  <testcase classname="testng_hackathon.LoanCalculator" name="Test1" time="20.722"/>
  <system-out/>
  <testcase classname="testng_hackathon.LoanCalculator" name="Test1" time="20.839"/>
  <system-out/>
  <testcase classname="testng_hackathon.LoanCalculator" name="Test2" time="22.417"/>
  <system-out/>
  <testcase classname="testng_hackathon.LoanCalculator" name="Test2" time="21.800"/>
  <system-out/>
  <testcase classname="testng_hackathon.LoanCalculator" name="Test12" time="4.596"/>
  <system-out/>
  <testcase classname="testng_hackathon.LoanCalculator" name="Test12" time="4.294"/>
  <system-out/>
  <testcase classname="testng_hackathon.LoanCalculator" name="Test3" time="24.841"/>
  <system-out/>
  <testcase classname="testng_hackathon.LoanCalculator" name="Test3" time="25.015"/>
  <system-out/>
</testsuite> <!-- testng_hackathon.LoanCalculator -->
