<?xml version="1.0" encoding="UTF-8"?>
<!-- Generated by org.testng.reporters.JUnitReportReporter -->
<testsuite hostname="LTIN269727" failures="0" tests="5" name="testng_hackathon.SmokeTest" time="3.929" errors="0" timestamp="2024-03-05T15:06:16 IST" skipped="0">
  <testcase classname="testng_hackathon.SmokeTest" name="car_Loan" time="0.190"/>
  <system-out/>
  <testcase classname="testng_hackathon.SmokeTest" name="home_Loan" time="1.858"/>
  <system-out/>
  <testcase classname="testng_hackathon.SmokeTest" name="Loan_cal1" time="1.356"/>
  <system-out/>
  <testcase classname="testng_hackathon.SmokeTest" name="Loan_cal2" time="0.201"/>
  <system-out/>
  <testcase classname="testng_hackathon.SmokeTest" name="Loan_cal3" time="0.324"/>
  <system-out/>
</testsuite> <!-- testng_hackathon.SmokeTest -->
