<?xml version="1.0" encoding="UTF-8"?>
<!-- Generated by org.testng.reporters.JUnitReportReporter -->
<testsuite hostname="LTIN269727" failures="0" tests="10" name="testng_hackathon.LoanCalculator" time="105.754" errors="0" timestamp="2024-03-05T09:38:25 IST" skipped="0">
  <testcase classname="testng_hackathon.LoanCalculator" name="testLogo" time="0.178"/>
  <system-out/>
  <testcase classname="testng_hackathon.LoanCalculator" name="Car_Loan" time="8.394"/>
  <system-out/>
  <testcase classname="testng_hackathon.LoanCalculator" name="EMI_Calculation" time="0.051"/>
  <system-out/>
  <testcase classname="testng_hackathon.LoanCalculator" name="Home_Loan" time="1.464"/>
  <system-out/>
  <testcase classname="testng_hackathon.LoanCalculator" name="HomeLoan_Data" time="6.002"/>
  <system-out/>
  <testcase classname="testng_hackathon.LoanCalculator" name="HomeLoan_Write" time="16.452"/>
  <system-out/>
  <testcase classname="testng_hackathon.LoanCalculator" name="Test1" time="21.409"/>
  <system-out/>
  <testcase classname="testng_hackathon.LoanCalculator" name="Test12" time="4.908"/>
  <system-out/>
  <testcase classname="testng_hackathon.LoanCalculator" name="Test2" time="21.935"/>
  <system-out/>
  <testcase classname="testng_hackathon.LoanCalculator" name="Test3" time="24.961"/>
  <system-out/>
</testsuite> <!-- testng_hackathon.LoanCalculator -->
