<?xml version="1.0" encoding="UTF-8"?>
<!-- Generated by org.testng.reporters.JUnitReportReporter -->
<testsuite hostname="LTIN269727" failures="0" tests="5" name="testng_hackathon.SmokeTest" time="196.279" errors="0" timestamp="2024-03-05T09:27:50 IST" skipped="0">
  <testcase classname="testng_hackathon.SmokeTest" name="car_Loan" time="0.139"/>
  <system-out/>
  <testcase classname="testng_hackathon.SmokeTest" name="home_Loan" time="116.683"/>
  <system-out/>
  <testcase classname="testng_hackathon.SmokeTest" name="Loan_cal1" time="79.111"/>
  <system-out/>
  <testcase classname="testng_hackathon.SmokeTest" name="Loan_cal2" time="0.107"/>
  <system-out/>
  <testcase classname="testng_hackathon.SmokeTest" name="Loan_cal3" time="0.239"/>
  <system-out/>
</testsuite> <!-- testng_hackathon.SmokeTest -->
