<?xml version="1.0" encoding="UTF-8"?>
<!-- Generated by org.testng.reporters.JUnitReportReporter -->
<testsuite hostname="LTIN269727" failures="0" tests="20" name="testng_hackathon.LoanCalculator" time="233.263" errors="0" timestamp="2024-03-06T10:32:43 IST" skipped="0">
  <testcase classname="testng_hackathon.LoanCalculator" name="testLogo" time="0.198"/>
  <system-out/>
  <testcase classname="testng_hackathon.LoanCalculator" name="testLogo" time="0.091"/>
  <system-out/>
  <testcase classname="testng_hackathon.LoanCalculator" name="Car_Loan" time="7.339"/>
  <system-out/>
  <testcase classname="testng_hackathon.LoanCalculator" name="Car_Loan" time="10.519"/>
  <system-out/>
  <testcase classname="testng_hackathon.LoanCalculator" name="EMI_Calculation" time="0.349"/>
  <system-out/>
  <testcase classname="testng_hackathon.LoanCalculator" name="EMI_Calculation" time="0.085"/>
  <system-out/>
  <testcase classname="testng_hackathon.LoanCalculator" name="Home_Loan" time="2.585"/>
  <system-out/>
  <testcase classname="testng_hackathon.LoanCalculator" name="Home_Loan" time="3.202"/>
  <system-out/>
  <testcase classname="testng_hackathon.LoanCalculator" name="HomeLoan_Data" time="6.027"/>
  <system-out/>
  <testcase classname="testng_hackathon.LoanCalculator" name="HomeLoan_Data" time="7.646"/>
  <system-out/>
  <testcase classname="testng_hackathon.LoanCalculator" name="HomeLoan_Write" time="18.112"/>
  <system-out/>
  <testcase classname="testng_hackathon.LoanCalculator" name="HomeLoan_Write" time="16.486"/>
  <system-out/>
  <testcase classname="testng_hackathon.LoanCalculator" name="Test1" time="22.968"/>
  <system-out/>
  <testcase classname="testng_hackathon.LoanCalculator" name="Test1" time="24.587"/>
  <system-out/>
  <testcase classname="testng_hackathon.LoanCalculator" name="Test2" time="23.487"/>
  <system-out/>
  <testcase classname="testng_hackathon.LoanCalculator" name="Test12" time="5.233"/>
  <system-out/>
  <testcase classname="testng_hackathon.LoanCalculator" name="Test2" time="23.858"/>
  <system-out/>
  <testcase classname="testng_hackathon.LoanCalculator" name="Test12" time="5.550"/>
  <system-out/>
  <testcase classname="testng_hackathon.LoanCalculator" name="Test3" time="27.686"/>
  <system-out/>
  <testcase classname="testng_hackathon.LoanCalculator" name="Test3" time="27.255"/>
  <system-out/>
</testsuite> <!-- testng_hackathon.LoanCalculator -->
