<?xml version="1.0" encoding="UTF-8"?>
<!-- Generated by org.testng.reporters.JUnitReportReporter -->
<testsuite hostname="LTIN269727" failures="0" tests="5" name="testng_hackathon.SmokeTest" time="3.204" errors="0" timestamp="2024-03-05T09:38:25 IST" skipped="0">
  <testcase classname="testng_hackathon.SmokeTest" name="car_Loan" time="0.157"/>
  <system-out/>
  <testcase classname="testng_hackathon.SmokeTest" name="home_Loan" time="1.543"/>
  <system-out/>
  <testcase classname="testng_hackathon.SmokeTest" name="Loan_cal1" time="1.177"/>
  <system-out/>
  <testcase classname="testng_hackathon.SmokeTest" name="Loan_cal2" time="0.119"/>
  <system-out/>
  <testcase classname="testng_hackathon.SmokeTest" name="Loan_cal3" time="0.208"/>
  <system-out/>
</testsuite> <!-- testng_hackathon.SmokeTest -->
