<?xml version="1.0" encoding="UTF-8"?>
<!-- Generated by org.testng.reporters.JUnitReportReporter -->
<testsuite hostname="LTIN269727" failures="0" tests="9" name="testng_hackathon.LoanCalculator" time="117.015" errors="0" timestamp="2024-02-27T11:44:34 IST" skipped="0">
  <testcase classname="testng_hackathon.LoanCalculator" name="testLogo" time="0.252"/>
  <system-out/>
  <testcase classname="testng_hackathon.LoanCalculator" name="Car_Loan" time="7.173"/>
  <system-out/>
  <testcase classname="testng_hackathon.LoanCalculator" name="EMI_Calculation" time="0.304"/>
  <system-out/>
  <testcase classname="testng_hackathon.LoanCalculator" name="Home_Loan" time="1.893"/>
  <system-out/>
  <testcase classname="testng_hackathon.LoanCalculator" name="HomeLoan_Data" time="9.405"/>
  <system-out/>
  <testcase classname="testng_hackathon.LoanCalculator" name="HomeLoan_Write" time="13.877"/>
  <system-out/>
  <testcase classname="testng_hackathon.LoanCalculator" name="Test1" time="28.075"/>
  <system-out/>
  <testcase classname="testng_hackathon.LoanCalculator" name="Test2" time="27.656"/>
  <system-out/>
  <testcase classname="testng_hackathon.LoanCalculator" name="Test3" time="28.380"/>
  <system-out/>
</testsuite> <!-- testng_hackathon.LoanCalculator -->
